<?xml version="1.0" encoding="UTF-8"?>
<testng-results ignored="0" total="2" passed="2" failed="0" skipped="0">
  <reporter-output>
  </reporter-output>
  <suite started-at="2022-10-23T12:56:13 IST" name="Default suite" finished-at="2022-10-23T12:56:13 IST" duration-ms="285">
    <groups>
    </groups>
    <test started-at="2022-10-23T12:56:13 IST" name="Default test" finished-at="2022-10-23T12:56:13 IST" duration-ms="285">
      <class name="com.automationtesting.testngconcpt.TestngAnnotation">
        <test-method is-config="true" signature="Launchbrowser()[pri:0, instance:com.automationtesting.testngconcpt.TestngAnnotation@6ae5aa72]" started-at="2022-10-23T12:56:13 IST" name="Launchbrowser" finished-at="2022-10-23T12:56:13 IST" duration-ms="32" status="PASS">
          <reporter-output>
          </reporter-output>
        </test-method> <!-- Launchbrowser -->
        <test-method is-config="true" signature="Launchurl()[pri:0, instance:com.automationtesting.testngconcpt.TestngAnnotation@6ae5aa72]" started-at="2022-10-23T12:56:13 IST" name="Launchurl" finished-at="2022-10-23T12:56:13 IST" duration-ms="1" status="PASS">
          <reporter-output>
          </reporter-output>
        </test-method> <!-- Launchurl -->
        <test-method is-config="true" signature="Login()[pri:0, instance:com.automationtesting.testngconcpt.TestngAnnotation@6ae5aa72]" started-at="2022-10-23T12:56:13 IST" name="Login" finished-at="2022-10-23T12:56:13 IST" duration-ms="2" status="PASS">
          <reporter-output>
          </reporter-output>
        </test-method> <!-- Login -->
        <test-method signature="addemploy()[pri:0, instance:com.automationtesting.testngconcpt.TestngAnnotation@6ae5aa72]" started-at="2022-10-23T12:56:13 IST" name="addemploy" finished-at="2022-10-23T12:56:13 IST" duration-ms="40" status="PASS">
          <reporter-output>
          </reporter-output>
        </test-method> <!-- addemploy -->
        <test-method is-config="true" signature="Logout()[pri:0, instance:com.automationtesting.testngconcpt.TestngAnnotation@6ae5aa72]" started-at="2022-10-23T12:56:13 IST" name="Logout" finished-at="2022-10-23T12:56:13 IST" duration-ms="4" status="PASS">
          <reporter-output>
          </reporter-output>
        </test-method> <!-- Logout -->
        <test-method is-config="true" signature="Login()[pri:0, instance:com.automationtesting.testngconcpt.TestngAnnotation@6ae5aa72]" started-at="2022-10-23T12:56:13 IST" name="Login" finished-at="2022-10-23T12:56:13 IST" duration-ms="2" status="PASS">
          <reporter-output>
          </reporter-output>
        </test-method> <!-- Login -->
        <test-method signature="deleteemploy()[pri:0, instance:com.automationtesting.testngconcpt.TestngAnnotation@6ae5aa72]" started-at="2022-10-23T12:56:13 IST" name="deleteemploy" finished-at="2022-10-23T12:56:13 IST" duration-ms="10" status="PASS">
          <reporter-output>
          </reporter-output>
        </test-method> <!-- deleteemploy -->
        <test-method is-config="true" signature="Logout()[pri:0, instance:com.automationtesting.testngconcpt.TestngAnnotation@6ae5aa72]" started-at="2022-10-23T12:56:13 IST" name="Logout" finished-at="2022-10-23T12:56:13 IST" duration-ms="2" status="PASS">
          <reporter-output>
          </reporter-output>
        </test-method> <!-- Logout -->
        <test-method is-config="true" signature="teardown()[pri:0, instance:com.automationtesting.testngconcpt.TestngAnnotation@6ae5aa72]" started-at="2022-10-23T12:56:13 IST" name="teardown" finished-at="2022-10-23T12:56:13 IST" duration-ms="3" status="PASS">
          <reporter-output>
          </reporter-output>
        </test-method> <!-- teardown -->
        <test-method is-config="true" signature="producereport()[pri:0, instance:com.automationtesting.testngconcpt.TestngAnnotation@6ae5aa72]" started-at="2022-10-23T12:56:13 IST" name="producereport" finished-at="2022-10-23T12:56:13 IST" duration-ms="2" status="PASS">
          <reporter-output>
          </reporter-output>
        </test-method> <!-- producereport -->
      </class> <!-- com.automationtesting.testngconcpt.TestngAnnotation -->
    </test> <!-- Default test -->
  </suite> <!-- Default suite -->
</testng-results>
