<?xml version="1.0" encoding="UTF-8"?>
<!-- Generated by org.testng.reporters.JUnitXMLReporter -->
<testsuite ignored="0" hostname="DESKTOP-4V5TV33" failures="0" tests="2" name="Default test" time="0.285" errors="0" timestamp="2022-10-23T12:56:13 IST">
  <testcase classname="com.automationtesting.testngconcpt.TestngAnnotation" name="addemploy" time="0.04"/>
  <testcase classname="com.automationtesting.testngconcpt.TestngAnnotation" name="deleteemploy" time="0.01"/>
</testsuite> <!-- Default test -->
